<?xml version="1.0" encoding="UTF-8"?>
<!-- Generated by org.testng.reporters.JUnitXMLReporter -->
<testsuite ignored="0" hostname="kathia" failures="1" tests="2" name="Test" time="11.023" errors="0" timestamp="2024-04-17T14:48:29 EDT">
  <testcase classname="io.cucumber.testng.AbstractTestNGCucumberTests" name="runScenario" time="10.367"/>
  <testcase classname="io.cucumber.testng.AbstractTestNGCucumberTests" name="runScenario" time="10.376">
    <failure type="java.lang.ClassCastException" message="class test_runner.Testng_runner cannot be cast to class utilities.Commons (test_runner.Testng_runner and utilities.Commons are in unnamed module of loader &amp;apos;app&amp;apos;)">
      <![CDATA[java.lang.ClassCastException: class test_runner.Testng_runner cannot be cast to class utilities.Commons (test_runner.Testng_runner and utilities.Commons are in unnamed module of loader 'app')
at Listenerpack.Ilistenertest.onTestSuccess(Ilistenertest.java:37)
at java.base/java.util.ArrayList.forEach(ArrayList.java:1511)
... Removed 24 stack frames]]>
    </failure>
  </testcase> <!-- runScenario -->
</testsuite> <!-- Test -->
