<?xml version="1.0" encoding="UTF-8"?>
<testng-results ignored="0" total="3" passed="3" failed="0" skipped="0">
  <reporter-output>
  </reporter-output>
  <suite started-at="2024-04-17T14:38:23 EDT" name="Default suite" finished-at="2024-04-17T14:39:43 EDT" duration-ms="80850">
    <groups>
      <group name="cucumber">
        <method signature="AbstractTestNGCucumberTests.runScenario(io.cucumber.testng.PickleWrapper,io.cucumber.testng.FeatureWrapper)[pri:0, instance:test_runner.Testng_runner@5b218417]" name="runScenario" class="io.cucumber.testng.AbstractTestNGCucumberTests"/>
      </group> <!-- cucumber -->
    </groups>
    <test started-at="2024-04-17T14:38:23 EDT" name="Default test" finished-at="2024-04-17T14:39:43 EDT" duration-ms="80850">
      <class name="test_runner.Testng_runner">
        <test-method is-config="true" signature="setUpClass(org.testng.ITestContext)[pri:0, instance:test_runner.Testng_runner@5b218417]" started-at="2024-04-17T14:38:23 EDT" name="setUpClass" finished-at="2024-04-17T14:38:23 EDT" duration-ms="588" status="PASS">
          <params>
            <param index="0">
              <value>
                <![CDATA[org.testng.TestRunner@52285a5f]]>
              </value>
            </param>
          </params>
          <reporter-output>
          </reporter-output>
        </test-method> <!-- setUpClass -->
        <test-method signature="runScenario(io.cucumber.testng.PickleWrapper,io.cucumber.testng.FeatureWrapper)[pri:0, instance:test_runner.Testng_runner@5b218417]" started-at="2024-04-17T14:38:23 EDT" name="runScenario" description="Runs Cucumber Scenarios" data-provider="scenarios" finished-at="2024-04-17T14:38:35 EDT" duration-ms="11579" status="PASS">
          <params>
            <param index="0">
              <value>
                <![CDATA["succesfully login with valid credential"]]>
              </value>
            </param>
            <param index="1">
              <value>
                <![CDATA["yourstore"]]>
              </value>
            </param>
          </params>
          <reporter-output>
          </reporter-output>
        </test-method> <!-- runScenario -->
        <test-method signature="runScenario(io.cucumber.testng.PickleWrapper,io.cucumber.testng.FeatureWrapper)[pri:0, instance:test_runner.Testng_runner@5b218417]" started-at="2024-04-17T14:38:35 EDT" name="runScenario" description="Runs Cucumber Scenarios" data-provider="scenarios" finished-at="2024-04-17T14:39:19 EDT" duration-ms="44252" status="PASS">
          <params>
            <param index="0">
              <value>
                <![CDATA["Validate customer page title"]]>
              </value>
            </param>
            <param index="1">
              <value>
                <![CDATA["yourstore"]]>
              </value>
            </param>
          </params>
          <reporter-output>
          </reporter-output>
        </test-method> <!-- runScenario -->
        <test-method signature="runScenario(io.cucumber.testng.PickleWrapper,io.cucumber.testng.FeatureWrapper)[pri:0, instance:test_runner.Testng_runner@5b218417]" started-at="2024-04-17T14:39:19 EDT" name="runScenario" description="Runs Cucumber Scenarios" data-provider="scenarios" finished-at="2024-04-17T14:39:43 EDT" duration-ms="24227" status="PASS">
          <params>
            <param index="0">
              <value>
                <![CDATA["Validate email by search"]]>
              </value>
            </param>
            <param index="1">
              <value>
                <![CDATA["yourstore"]]>
              </value>
            </param>
          </params>
          <reporter-output>
          </reporter-output>
        </test-method> <!-- runScenario -->
        <test-method is-config="true" signature="tearDownClass()[pri:0, instance:test_runner.Testng_runner@5b218417]" started-at="2024-04-17T14:39:43 EDT" name="tearDownClass" finished-at="2024-04-17T14:39:43 EDT" duration-ms="154" status="PASS">
          <reporter-output>
          </reporter-output>
        </test-method> <!-- tearDownClass -->
      </class> <!-- test_runner.Testng_runner -->
    </test> <!-- Default test -->
  </suite> <!-- Default suite -->
</testng-results>
